[LOG] System::create                           : Header version = 2.02.28. Current version = 2.02.28.
[LOG] Manager::init                            : maxchannels = 256 studioflags = 00000006 flags 00000000 extradriverdata 0000000000000000.
[LOG] SystemI::init                            : Initialize version=20228 (150745), maxchannels=256, flags=0x00020000
[LOG] SystemI::setOutputInternal               : Setting output to 'FMOD WASAPI Output'
[LOG] OutputWASAPI::init                       : Mix Format (WAVEFORMATEX): wFormatTag=0xFFFE, nChannels=2, nSamplesPerSec=48000, nAvgBytesPerSec=384000, nBlockAlign=8, wBitsPerSample=32, cbSize=22.
[LOG] OutputWASAPI::init                       : Mix Format (WAVEFORMATEXTENSIBLE): wValidBitsPerSample=32, dwChannelMask=0x00000003, SubFormat=00000003-0000-0010-8000-00AA00389B71.
[LOG] OutputWASAPI::init                       : Output buffer size: 4096 samples, latency: 0.00ms, period: 10.00ms, DSP buffer: 1024 * 4
[LOG] Thread::initThread                       : Init FMOD stream thread. Affinity: 0x4000000000000003, Priority: 0xFFFF7FFB, Stack Size: 98304, Semaphore: No, Sleep Time: 10, Looping: Yes.
[LOG] Thread::initThread                       : Init FMOD mixer thread. Affinity: 0x4000000000000001, Priority: 0xFFFF7FFA, Stack Size: 81920, Semaphore: No, Sleep Time: 0, Looping: Yes.
[LOG] AsyncManager::init                       : manager 00000294DBEC83A8 isAsync 0 updatePeriod 0.02
[LOG] AsyncManager::init                       : done
[LOG] PlaybackSystem::init                     : 
[LOG] Thread::initThread                       : Init FMOD Studio sample load thread. Affinity: 0x4000000000000003, Priority: 0xFFFF7FFD, Stack Size: 98304, Semaphore: No, Sleep Time: 1, Looping: No.
[LOG] PlaybackSystem::init                     : done
[LOG] Thread::initThread                       : Init FMOD Studio bank load thread. Affinity: 0x4000000000000003, Priority: 0xFFFF7FFD, Stack Size: 98304, Semaphore: No, Sleep Time: 1, Looping: No.
[LOG] Manager::init                            : done.
[LOG] Manager::readBank                        : fileversion = 142, compatVersion = 140 (oldest = 44, newest = 142)
[LOG] Manager::readBank                        : fileversion = 142, compatVersion = 140 (oldest = 44, newest = 142)
[LOG] Manager::readBank                        : fileversion = 142, compatVersion = 140 (oldest = 44, newest = 142)
[LOG] PlaybackSystem::acquireMasterBus         : Setting master channel group format to 6
[LOG] AsyncThread::add                         : add sound to async queue : soundi = 0000029418320588, queue head = 00000293B6CB6BA8, queue count = 0
[LOG] AsyncThread::threadFunc                  : Starting Asynchronous operation on sound 0000029418320588
[LOG] AsyncThread::threadFunc                  : Finished Asynchronous operation on sound 0000029418320588
[LOG] SystemI::createSound                     : filename = ../../StormJump_Fmod/Build/Desktop/Master.bank : mode 02010082
[LOG] SystemI::createSound                     : FMOD_NONBLOCKING specified.  Putting into queue to be opened asynchronously!
[LOG] AsyncThread::add                         : add sound to async queue : soundi = 00000294CCB909E8, queue head = 00000293B6CB6BA8, queue count = 0
[LOG] AsyncThread::threadFunc                  : Starting Asynchronous operation on sound 00000294CCB909E8
[LOG] SystemI::createSoundInternal             :     Create name='../../StormJump_Fmod/Build/Desktop/Master.bank', mode=0x02010082
[LOG] SystemI::createSoundInternal             :     exinfo->cbsize             = 224
[LOG] SystemI::createSoundInternal             :     exinfo->length             = 2619808
[LOG] SystemI::createSoundInternal             :     exinfo->fileoffset         = 13440
[LOG] SystemI::createSoundInternal             :     exinfo->numsubsounds       = 1
[LOG] SystemI::createSoundInternal             :     exinfo->inclusionlist      = 00000294A986EB90
[LOG] SystemI::createSoundInternal             :     exinfo->inclusionlistnum   = 1
[LOG] SystemI::createSoundInternal             :     exinfo->suggestedsoundtype = 5
[LOG] SystemI::createSoundInternal             :     exinfo->initialseekposition = 32400
[LOG] SystemI::createSoundInternal             :     exinfo->initialseekpostype = 1
[LOG] SystemI::createSoundInternal             :     Stream 0/1: name='catpurring_1-2-34910', format=5, channels=2, frequency=48000, lengthbytes=132288, lengthpcm=2158848, pcmblocksize=0, loopstart=0, loopend=0, mode=0x00000000, channelmask=0x00000000, channelorder=0, peakvolume=0.149017.
[LOG] AsyncThread::threadFunc                  : Finished Asynchronous operation on sound 00000294CCB909E8
[LOG] SoundI::release                          : catpurring_1-2-34910 (00000294DAAA3188)
[LOG] SoundI::release                          :     catpurring_1-2-34910 (000002932716BAB8)
[LOG] SoundI::release                          :     catpurring_1-2-34910 (0000029418320738)
[LOG] AsyncThread::add                         : add sound to async queue : soundi = 0000029418320A98, queue head = 00000293B6CB6BA8, queue count = 0
[LOG] AsyncThread::threadFunc                  : Starting Asynchronous operation on sound 0000029418320A98
[LOG] AsyncThread::threadFunc                  : Finished Asynchronous operation on sound 0000029418320A98
[LOG] SystemI::createSoundInternal             : Create name='', mode=0x02000202
[LOG] SystemI::createSoundInternal             : exinfo->cbsize             = 224
[LOG] SystemI::createSoundInternal             : exinfo->length             = 2619808
[LOG] SystemI::createSoundInternal             : exinfo->fileoffset         = 13440
[LOG] SystemI::createSoundInternal             : exinfo->numsubsounds       = 1
[LOG] SystemI::createSoundInternal             : exinfo->inclusionlist      = 000000F719DFEFB8
[LOG] SystemI::createSoundInternal             : exinfo->inclusionlistnum   = 1
[LOG] SystemI::createSoundInternal             : exinfo->suggestedsoundtype = 5
[LOG] SystemI::createSoundInternal             : exinfo->useropen           = 00007FF978A95B90
[LOG] SystemI::createSoundInternal             : exinfo->userclose          = 00007FF978A95B50
[LOG] SystemI::createSoundInternal             : exinfo->userread           = 00007FF978A95C70
[LOG] SystemI::createSoundInternal             : exinfo->userseek           = 00007FF978A95D30
[LOG] SystemI::createSoundInternal             : exinfo->fileuserdata       = 000002941CBC4728
[LOG] SystemI::createSoundInternal             : exinfo->initialseekpostype = 1
[LOG] SystemI::DSPCodecPoolRegister            : register codec pool for pool type 5
[LOG] SystemI::createSoundInternal             : Sample 0/1: name='better boing', format=5, channels=2, frequency=48000, lengthbytes=4576, lengthpcm=57785, pcmblocksize=0, loopstart=0, loopend=0, mode=0x00000000, channelmask=0x00000000, channelorder=0, peakvolume=0.981171.
[LOG] SystemI::createSound                     : filename = ../../StormJump_Fmod/Build/Desktop/Master.bank : mode 02010082
[LOG] SystemI::createSound                     : FMOD_NONBLOCKING specified.  Putting into queue to be opened asynchronously!
[LOG] AsyncThread::add                         : add sound to async queue : soundi = 00000294CCB90D48, queue head = 00000293B6CB6BA8, queue count = 0
[LOG] AsyncThread::threadFunc                  : Starting Asynchronous operation on sound 00000294CCB90D48
[LOG] SystemI::createSoundInternal             :     Create name='../../StormJump_Fmod/Build/Desktop/Master.bank', mode=0x02010082
[LOG] SystemI::createSoundInternal             :     exinfo->cbsize             = 224
[LOG] SystemI::createSoundInternal             :     exinfo->length             = 2619808
[LOG] SystemI::createSoundInternal             :     exinfo->fileoffset         = 13440
[LOG] SystemI::createSoundInternal             :     exinfo->numsubsounds       = 1
[LOG] SystemI::createSoundInternal             :     exinfo->inclusionlist      = 00000294A986ECD0
[LOG] SystemI::createSoundInternal             :     exinfo->inclusionlistnum   = 1
[LOG] SystemI::createSoundInternal             :     exinfo->suggestedsoundtype = 5
[LOG] SystemI::createSoundInternal             :     exinfo->initialseekpostype = 1
[LOG] SystemI::createSoundInternal             :     Stream 0/1: name='RestMusic', format=5, channels=2, frequency=48000, lengthbytes=282496, lengthpcm=990968, pcmblocksize=0, loopstart=0, loopend=0, mode=0x00000000, channelmask=0x00000000, channelorder=0, peakvolume=0.256592.
[LOG] AsyncThread::threadFunc                  : Finished Asynchronous operation on sound 00000294CCB90D48
[LOG] SoundI::release                          : RestMusic (00000294DAAA2AC8)
[LOG] SoundI::release                          :     RestMusic (000002932716B778)
[LOG] SoundI::release                          :     RestMusic (0000029418320588)
[LOG] SystemI::createSound                     : filename = ../../StormJump_Fmod/Build/Desktop/Master.bank : mode 02010082
[LOG] SystemI::createSound                     : FMOD_NONBLOCKING specified.  Putting into queue to be opened asynchronously!
[LOG] AsyncThread::add                         : add sound to async queue : soundi = 00000294DAAA2E28, queue head = 00000293B6CB6BA8, queue count = 0
[LOG] AsyncThread::threadFunc                  : Starting Asynchronous operation on sound 00000294DAAA2E28
[LOG] SystemI::createSoundInternal             :     Create name='../../StormJump_Fmod/Build/Desktop/Master.bank', mode=0x02010082
[LOG] SystemI::createSoundInternal             :     exinfo->cbsize             = 224
[LOG] SystemI::createSoundInternal             :     exinfo->length             = 2619808
[LOG] SystemI::createSoundInternal             :     exinfo->fileoffset         = 13440
[LOG] SystemI::createSoundInternal             :     exinfo->numsubsounds       = 1
[LOG] SystemI::createSoundInternal             :     exinfo->inclusionlist      = 000002932715E470
[LOG] SystemI::createSoundInternal             :     exinfo->inclusionlistnum   = 1
[LOG] SystemI::createSoundInternal             :     exinfo->suggestedsoundtype = 5
[LOG] SystemI::createSoundInternal             :     exinfo->initialseekposition = 32400
[LOG] SystemI::createSoundInternal             :     exinfo->initialseekpostype = 1
[LOG] SystemI::createSoundInternal             :     Stream 0/1: name='catpurring_1-2-34910', format=5, channels=2, frequency=48000, lengthbytes=132288, lengthpcm=2158848, pcmblocksize=0, loopstart=0, loopend=0, mode=0x00000000, channelmask=0x00000000, channelorder=0, peakvolume=0.149017.
[LOG] AsyncThread::threadFunc                  : Finished Asynchronous operation on sound 00000294DAAA2E28
[LOG] SoundI::release                          : catpurring_1-2-34910 (00000294CCB909E8)
[LOG] SoundI::release                          :     catpurring_1-2-34910 (00000293EC3C2038)
[LOG] SoundI::release                          :     catpurring_1-2-34910 (00000294CCB90838)
[LOG] SystemI::createSound                     : filename = ../../StormJump_Fmod/Build/Desktop/Master.bank : mode 02010082
[LOG] SystemI::createSound                     : FMOD_NONBLOCKING specified.  Putting into queue to be opened asynchronously!
[LOG] AsyncThread::add                         : add sound to async queue : soundi = 00000294CCB8FFC8, queue head = 00000293B6CB6BA8, queue count = 0
[LOG] AsyncThread::threadFunc                  : Starting Asynchronous operation on sound 00000294CCB8FFC8
[LOG] SystemI::createSoundInternal             :     Create name='../../StormJump_Fmod/Build/Desktop/Master.bank', mode=0x02010082
[LOG] SystemI::createSoundInternal             :     exinfo->cbsize             = 224
[LOG] SystemI::createSoundInternal             :     exinfo->length             = 2619808
[LOG] SystemI::createSoundInternal             :     exinfo->fileoffset         = 13440
[LOG] SystemI::createSoundInternal             :     exinfo->numsubsounds       = 1
[LOG] SystemI::createSoundInternal             :     exinfo->inclusionlist      = 00000294A986EA50
[LOG] SystemI::createSoundInternal             :     exinfo->inclusionlistnum   = 1
[LOG] SystemI::createSoundInternal             :     exinfo->suggestedsoundtype = 5
[LOG] SystemI::createSoundInternal             :     exinfo->initialseekposition = 32400
[LOG] SystemI::createSoundInternal             :     exinfo->initialseekpostype = 1
[LOG] SystemI::createSoundInternal             :     Stream 0/1: name='catpurring_1-2-34910', format=5, channels=2, frequency=48000, lengthbytes=132288, lengthpcm=2158848, pcmblocksize=0, loopstart=0, loopend=0, mode=0x00000000, channelmask=0x00000000, channelorder=0, peakvolume=0.149017.
[LOG] AsyncThread::threadFunc                  : Finished Asynchronous operation on sound 00000294CCB8FFC8
[LOG] SoundI::release                          : catpurring_1-2-34910 (00000294DAAA2E28)
[LOG] SoundI::release                          :     catpurring_1-2-34910 (00000293C7E93898)
[LOG] SoundI::release                          :     catpurring_1-2-34910 (00000294DAAA3BA8)
[LOG] SystemI::createSoundInternal             : Create name='', mode=0x02000202
[LOG] SystemI::createSoundInternal             : exinfo->cbsize             = 224
[LOG] SystemI::createSoundInternal             : exinfo->length             = 2619808
[LOG] SystemI::createSoundInternal             : exinfo->fileoffset         = 13440
[LOG] SystemI::createSoundInternal             : exinfo->numsubsounds       = 1
[LOG] SystemI::createSoundInternal             : exinfo->inclusionlist      = 000000F719DFEFB8
[LOG] SystemI::createSoundInternal             : exinfo->inclusionlistnum   = 1
[LOG] SystemI::createSoundInternal             : exinfo->suggestedsoundtype = 5
[LOG] SystemI::createSoundInternal             : exinfo->useropen           = 00007FF978A95B90
[LOG] SystemI::createSoundInternal             : exinfo->userclose          = 00007FF978A95B50
[LOG] SystemI::createSoundInternal             : exinfo->userread           = 00007FF978A95C70
[LOG] SystemI::createSoundInternal             : exinfo->userseek           = 00007FF978A95D30
[LOG] SystemI::createSoundInternal             : exinfo->fileuserdata       = 00000294AA52FE18
[LOG] SystemI::createSoundInternal             : exinfo->initialseekpostype = 1
[LOG] SystemI::DSPCodecPoolRegister            : register codec pool for pool type 5
[LOG] SystemI::createSoundInternal             : Sample 0/1: name='woosh', format=5, channels=2, frequency=48000, lengthbytes=3264, lengthpcm=15006, pcmblocksize=0, loopstart=0, loopend=0, mode=0x00000000, channelmask=0x00000000, channelorder=0, peakvolume=0.701385.
[LOG] SystemI::createSound                     : filename = ../../StormJump_Fmod/Build/Desktop/Master.bank : mode 02010082
[LOG] SystemI::createSound                     : FMOD_NONBLOCKING specified.  Putting into queue to be opened asynchronously!
[LOG] AsyncThread::add                         : add sound to async queue : soundi = 00000294DAAA2E28, queue head = 00000293B6CB6BA8, queue count = 0
[LOG] AsyncThread::threadFunc                  : Starting Asynchronous operation on sound 00000294DAAA2E28
[LOG] SystemI::createSoundInternal             :     Create name='../../StormJump_Fmod/Build/Desktop/Master.bank', mode=0x02010082
[LOG] SystemI::createSoundInternal             :     exinfo->cbsize             = 224
[LOG] SystemI::createSoundInternal             :     exinfo->length             = 2619808
[LOG] SystemI::createSoundInternal             :     exinfo->fileoffset         = 13440
[LOG] SystemI::createSoundInternal             :     exinfo->numsubsounds       = 1
[LOG] SystemI::createSoundInternal             :     exinfo->inclusionlist      = 000002932715F4B0
[LOG] SystemI::createSoundInternal             :     exinfo->inclusionlistnum   = 1
[LOG] SystemI::createSoundInternal             :     exinfo->suggestedsoundtype = 5
[LOG] SystemI::createSoundInternal             :     exinfo->initialseekpostype = 1
[LOG] SystemI::createSoundInternal             :     Stream 0/1: name='RestMusic', format=5, channels=2, frequency=48000, lengthbytes=282496, lengthpcm=990968, pcmblocksize=0, loopstart=0, loopend=0, mode=0x00000000, channelmask=0x00000000, channelorder=0, peakvolume=0.256592.
[LOG] AsyncThread::threadFunc                  : Finished Asynchronous operation on sound 00000294DAAA2E28
[LOG] SoundI::release                          : RestMusic (00000294CCB90D48)
[LOG] SoundI::release                          :     RestMusic (000002932716BAB8)
[LOG] SoundI::release                          :     RestMusic (00000294CCB90EF8)
[LOG] SystemI::createSound                     : filename = ../../StormJump_Fmod/Build/Desktop/Master.bank : mode 02010082
[LOG] SystemI::createSound                     : FMOD_NONBLOCKING specified.  Putting into queue to be opened asynchronously!
[LOG] AsyncThread::add                         : add sound to async queue : soundi = 00000294CCB90B98, queue head = 00000293B6CB6BA8, queue count = 0
[LOG] AsyncThread::threadFunc                  : Starting Asynchronous operation on sound 00000294CCB90B98
[LOG] SystemI::createSoundInternal             :     Create name='../../StormJump_Fmod/Build/Desktop/Master.bank', mode=0x02010082
[LOG] SystemI::createSoundInternal             :     exinfo->cbsize             = 224
[LOG] SystemI::createSoundInternal             :     exinfo->length             = 2619808
[LOG] SystemI::createSoundInternal             :     exinfo->fileoffset         = 13440
[LOG] SystemI::createSoundInternal             :     exinfo->numsubsounds       = 1
[LOG] SystemI::createSoundInternal             :     exinfo->inclusionlist      = 00000293C8509300
[LOG] SystemI::createSoundInternal             :     exinfo->inclusionlistnum   = 1
[LOG] SystemI::createSoundInternal             :     exinfo->suggestedsoundtype = 5
[LOG] SystemI::createSoundInternal             :     exinfo->initialseekposition = 32400
[LOG] SystemI::createSoundInternal             :     exinfo->initialseekpostype = 1
[LOG] SystemI::createSoundInternal             :     Stream 0/1: name='catpurring_1-2-34910', format=5, channels=2, frequency=48000, lengthbytes=132288, lengthpcm=2158848, pcmblocksize=0, loopstart=0, loopend=0, mode=0x00000000, channelmask=0x00000000, channelorder=0, peakvolume=0.149017.
[LOG] AsyncThread::threadFunc                  : Finished Asynchronous operation on sound 00000294CCB90B98
[LOG] SoundI::release                          : catpurring_1-2-34910 (00000294CCB8FFC8)
[LOG] SoundI::release                          :     catpurring_1-2-34910 (0000029418E755D8)
[LOG] SoundI::release                          :     catpurring_1-2-34910 (00000294CCB90178)
[LOG] SystemI::createSound                     : filename = ../../StormJump_Fmod/Build/Desktop/Master.bank : mode 02010082
[LOG] SystemI::createSound                     : FMOD_NONBLOCKING specified.  Putting into queue to be opened asynchronously!
[LOG] AsyncThread::add                         : add sound to async queue : soundi = 00000294CCB8FFC8, queue head = 00000293B6CB6BA8, queue count = 0
[LOG] AsyncThread::threadFunc                  : Starting Asynchronous operation on sound 00000294CCB8FFC8
[LOG] SystemI::createSoundInternal             :     Create name='../../StormJump_Fmod/Build/Desktop/Master.bank', mode=0x02010082
[LOG] SystemI::createSoundInternal             :     exinfo->cbsize             = 224
[LOG] SystemI::createSoundInternal             :     exinfo->length             = 2619808
[LOG] SystemI::createSoundInternal             :     exinfo->fileoffset         = 13440
[LOG] SystemI::createSoundInternal             :     exinfo->numsubsounds       = 1
[LOG] SystemI::createSoundInternal             :     exinfo->inclusionlist      = 000002940DA58920
[LOG] SystemI::createSoundInternal             :     exinfo->inclusionlistnum   = 1
[LOG] SystemI::createSoundInternal             :     exinfo->suggestedsoundtype = 5
[LOG] SystemI::createSoundInternal             :     exinfo->initialseekpostype = 1
[LOG] SystemI::createSoundInternal             :     Stream 0/1: name='RestMusic', format=5, channels=2, frequency=48000, lengthbytes=282496, lengthpcm=990968, pcmblocksize=0, loopstart=0, loopend=0, mode=0x00000000, channelmask=0x00000000, channelorder=0, peakvolume=0.256592.
[LOG] AsyncThread::threadFunc                  : Finished Asynchronous operation on sound 00000294CCB8FFC8
[LOG] SoundI::release                          : RestMusic (00000294DAAA2E28)
[LOG] SoundI::release                          :     RestMusic (00000294DE16E378)
[LOG] SoundI::release                          :     RestMusic (00000294DAAA3BA8)
[LOG] SystemI::createSound                     : filename = ../../StormJump_Fmod/Build/Desktop/Master.bank : mode 02010082
[LOG] SystemI::createSound                     : FMOD_NONBLOCKING specified.  Putting into queue to be opened asynchronously!
[LOG] AsyncThread::add                         : add sound to async queue : soundi = 00000294CCB90838, queue head = 00000293B6CB6BA8, queue count = 0
[LOG] AsyncThread::threadFunc                  : Starting Asynchronous operation on sound 00000294CCB90838
[LOG] SystemI::createSoundInternal             :     Create name='../../StormJump_Fmod/Build/Desktop/Master.bank', mode=0x02010082
[LOG] SystemI::createSoundInternal             :     exinfo->cbsize             = 224
[LOG] SystemI::createSoundInternal             :     exinfo->length             = 2619808
[LOG] SystemI::createSoundInternal             :     exinfo->fileoffset         = 13440
[LOG] SystemI::createSoundInternal             :     exinfo->numsubsounds       = 1
[LOG] SystemI::createSoundInternal             :     exinfo->inclusionlist      = 000002940DA586A0
[LOG] SystemI::createSoundInternal             :     exinfo->inclusionlistnum   = 1
[LOG] SystemI::createSoundInternal             :     exinfo->suggestedsoundtype = 5
[LOG] SystemI::createSoundInternal             :     exinfo->initialseekposition = 32400
[LOG] SystemI::createSoundInternal             :     exinfo->initialseekpostype = 1
[LOG] SystemI::createSoundInternal             :     Stream 0/1: name='catpurring_1-2-34910', format=5, channels=2, frequency=48000, lengthbytes=132288, lengthpcm=2158848, pcmblocksize=0, loopstart=0, loopend=0, mode=0x00000000, channelmask=0x00000000, channelorder=0, peakvolume=0.149017.
[LOG] AsyncThread::threadFunc                  : Finished Asynchronous operation on sound 00000294CCB90838
[LOG] SoundI::release                          : catpurring_1-2-34910 (00000294CCB90B98)
[LOG] SoundI::release                          :     catpurring_1-2-34910 (00000294DABE6948)
[LOG] SoundI::release                          :     catpurring_1-2-34910 (00000294CCB909E8)
[LOG] SystemI::createSound                     : filename = ../../StormJump_Fmod/Build/Desktop/Master.bank : mode 02010082
[LOG] SystemI::createSound                     : FMOD_NONBLOCKING specified.  Putting into queue to be opened asynchronously!
[LOG] AsyncThread::add                         : add sound to async queue : soundi = 00000294DAAA4778, queue head = 00000293B6CB6BA8, queue count = 0
[LOG] AsyncThread::threadFunc                  : Starting Asynchronous operation on sound 00000294DAAA4778
[LOG] SystemI::createSoundInternal             :     Create name='../../StormJump_Fmod/Build/Desktop/Master.bank', mode=0x02010082
[LOG] SystemI::createSoundInternal             :     exinfo->cbsize             = 224
[LOG] SystemI::createSoundInternal             :     exinfo->length             = 2619808
[LOG] SystemI::createSoundInternal             :     exinfo->fileoffset         = 13440
[LOG] SystemI::createSoundInternal             :     exinfo->numsubsounds       = 1
[LOG] SystemI::createSoundInternal             :     exinfo->inclusionlist      = 000002940DA587E0
[LOG] SystemI::createSoundInternal             :     exinfo->inclusionlistnum   = 1
[LOG] SystemI::createSoundInternal             :     exinfo->suggestedsoundtype = 5
[LOG] SystemI::createSoundInternal             :     exinfo->initialseekposition = 32400
[LOG] SystemI::createSoundInternal             :     exinfo->initialseekpostype = 1
[LOG] SystemI::createSoundInternal             :     Stream 0/1: name='catpurring_1-2-34910', format=5, channels=2, frequency=48000, lengthbytes=132288, lengthpcm=2158848, pcmblocksize=0, loopstart=0, loopend=0, mode=0x00000000, channelmask=0x00000000, channelorder=0, peakvolume=0.149017.
[LOG] AsyncThread::threadFunc                  : Finished Asynchronous operation on sound 00000294DAAA4778
[LOG] SoundI::release                          : catpurring_1-2-34910 (00000294CCB90838)
[LOG] SoundI::release                          :     catpurring_1-2-34910 (00000294DE16E378)
[LOG] SoundI::release                          :     catpurring_1-2-34910 (00000294CCB90688)
[LOG] SystemI::createSound                     : filename = ../../StormJump_Fmod/Build/Desktop/Master.bank : mode 02010082
[LOG] SystemI::createSound                     : FMOD_NONBLOCKING specified.  Putting into queue to be opened asynchronously!
[LOG] AsyncThread::add                         : add sound to async queue : soundi = 00000294CCB90328, queue head = 00000293B6CB6BA8, queue count = 0
[LOG] AsyncThread::threadFunc                  : Starting Asynchronous operation on sound 00000294CCB90328
[LOG] SystemI::createSoundInternal             :     Create name='../../StormJump_Fmod/Build/Desktop/Master.bank', mode=0x02010082
[LOG] SystemI::createSoundInternal             :     exinfo->cbsize             = 224
[LOG] SystemI::createSoundInternal             :     exinfo->length             = 2619808
[LOG] SystemI::createSoundInternal             :     exinfo->fileoffset         = 13440
[LOG] SystemI::createSoundInternal             :     exinfo->numsubsounds       = 1
[LOG] SystemI::createSoundInternal             :     exinfo->inclusionlist      = 00000294A97A4360
[LOG] SystemI::createSoundInternal             :     exinfo->inclusionlistnum   = 1
[LOG] SystemI::createSoundInternal             :     exinfo->suggestedsoundtype = 5
[LOG] SystemI::createSoundInternal             :     exinfo->initialseekpostype = 1
[LOG] SystemI::createSoundInternal             :     Stream 0/1: name='RestMusic', format=5, channels=2, frequency=48000, lengthbytes=282496, lengthpcm=990968, pcmblocksize=0, loopstart=0, loopend=0, mode=0x00000000, channelmask=0x00000000, channelorder=0, peakvolume=0.256592.
[LOG] AsyncThread::threadFunc                  : Finished Asynchronous operation on sound 00000294CCB90328
[LOG] SoundI::release                          : RestMusic (00000294CCB8FFC8)
[LOG] SoundI::release                          :     RestMusic (00000294DE16D818)
[LOG] SoundI::release                          :     RestMusic (00000294CCB90178)
[LOG] AsyncThread::add                         : add sound to async queue : soundi = 00000294DAAA3BA8, queue head = 00000293B6CB6BA8, queue count = 0
[LOG] AsyncThread::threadFunc                  : Starting Asynchronous operation on sound 00000294DAAA3BA8
[LOG] AsyncThread::add                         :     add sound to async queue : soundi = 00000294CCB90D48, queue head = 00000293B6CB6BA8, queue count = 0
[LOG] AsyncThread::threadFunc                  : Finished Asynchronous operation on sound 00000294DAAA3BA8
[LOG] AsyncThread::threadFunc                  : Starting Asynchronous operation on sound 00000294CCB90D48
[LOG] AsyncThread::threadFunc                  : Finished Asynchronous operation on sound 00000294CCB90D48
[LOG] SoundI::release                          : catpurring_1-2-34910 (00000294DAAA4778)
[LOG] SoundI::release                          :     catpurring_1-2-34910 (00000294DABE74A8)
[LOG] SoundI::release                          :     catpurring_1-2-34910 (00000294DAAA3BA8)
[LOG] SoundI::release                          : RestMusic (00000294CCB90328)
[LOG] SoundI::release                          :     RestMusic (00000294DAA49188)
[LOG] SoundI::release                          :     RestMusic (00000294CCB90D48)
[LOG] SoundI::release                          : Zone 1 (00000294DAAA3848)
[LOG] SoundI::release                          :     Zone 1 (0000029418E74598)
[LOG] SoundI::release                          :     Zone 1 (0000029418320A98)
[LOG] SoundI::release                          :  (00000293E9B62ED8)
[LOG] SoundI::release                          :     woosh (00000294DE16E1D8)
[LOG] SoundI::release                          :  (00000294DAA3B3A8)
[LOG] SoundI::release                          :     better boing (00000294DABE7168)
[LOG] SoundI::release                          :  (00000294CC2B5E28)
[LOG] SoundI::release                          :     BouncingBall_JunoChorus (00000293ED010AB8)
[LOG] Thread::callback                         : FMOD Studio update thread finished.
[LOG] Thread::callback                         : FMOD Studio bank load thread finished.
[LOG] Profile::disconnectAll                   : Profiler disconnecting all clients
[LOG] Thread::callback                         : FMOD Studio sample load thread finished.
[LOG] LiveUpdate::release                      : 
[LOG] LiveUpdate::reset                        : Reset connection (reason Disconnected)
[LOG] Thread::callback                         : FMOD stream thread finished.
[LOG] Thread::callback                         : FMOD mixer thread finished.
[LOG] Profile::disconnectAll                   : Profiler disconnecting all clients
[LOG] SystemI::close                           : Closed.
[LOG] Thread::callback                         : FMOD Studio bank load thread finished.
[LOG] Thread::callback                         : FMOD Studio sample load thread finished.
[LOG] LiveUpdate::release                      : 
[LOG] LiveUpdate::reset                        : Reset connection (reason Disconnected)
[LOG] Thread::callback                         : FMOD stream thread finished.
[LOG] Thread::callback                         : FMOD mixer thread finished.
[LOG] SystemI::close                           : Closed.
[LOG] Thread::callback                         : FMOD nonblocking thread (0) finished.
[LOG] Thread::callback                         : FMOD file thread finished.
